[06-Apr-2019 12:06:07 UTC] PHP Fatal error:  Cannot make non static method HistoryInterface::set() static in class History in /Applications/MAMP/htdocs/github/mygit/object/index.php on line 105
[06-Apr-2019 12:06:28 UTC] PHP Fatal error:  Cannot make non static method HistoryInterface::set() static in class History in /Applications/MAMP/htdocs/github/mygit/object/index.php on line 105
[06-Apr-2019 12:06:29 UTC] PHP Fatal error:  Cannot make non static method HistoryInterface::set() static in class History in /Applications/MAMP/htdocs/github/mygit/object/index.php on line 105
[06-Apr-2019 12:08:57 UTC] PHP Notice:  Undefined index: lang in /Applications/MAMP/htdocs/github/mygit/object/index.php on line 200
[06-Apr-2019 12:08:57 UTC] PHP Fatal error:  Uncaught Error: Call to a member function getName() on null in /Applications/MAMP/htdocs/github/mygit/object/index.php:200
Stack trace:
#0 {main}
  thrown in /Applications/MAMP/htdocs/github/mygit/object/index.php on line 200
[06-Apr-2019 12:09:57 UTC] PHP Notice:  Undefined index: lang in /Applications/MAMP/htdocs/github/mygit/object/index.php on line 200
[06-Apr-2019 12:09:57 UTC] PHP Fatal error:  Uncaught Error: Call to a member function getName() on null in /Applications/MAMP/htdocs/github/mygit/object/index.php:200
Stack trace:
#0 {main}
  thrown in /Applications/MAMP/htdocs/github/mygit/object/index.php on line 200
[06-Apr-2019 12:09:58 UTC] PHP Notice:  Undefined index: lang in /Applications/MAMP/htdocs/github/mygit/object/index.php on line 200
[06-Apr-2019 12:09:58 UTC] PHP Fatal error:  Uncaught Error: Call to a member function getName() on null in /Applications/MAMP/htdocs/github/mygit/object/index.php:200
Stack trace:
#0 {main}
  thrown in /Applications/MAMP/htdocs/github/mygit/object/index.php on line 200
[06-Apr-2019 12:10:05 UTC] PHP Notice:  Undefined index: lang in /Applications/MAMP/htdocs/github/mygit/object/index.php on line 200
[06-Apr-2019 12:10:05 UTC] PHP Fatal error:  Uncaught Error: Call to a member function getName() on null in /Applications/MAMP/htdocs/github/mygit/object/index.php:200
Stack trace:
#0 {main}
  thrown in /Applications/MAMP/htdocs/github/mygit/object/index.php on line 200
[06-Apr-2019 12:10:33 UTC] PHP Notice:  Undefined index: lang in /Applications/MAMP/htdocs/github/mygit/object/index.php on line 200
[06-Apr-2019 12:10:33 UTC] PHP Fatal error:  Uncaught Error: Call to a member function getName() on null in /Applications/MAMP/htdocs/github/mygit/object/index.php:200
Stack trace:
#0 {main}
  thrown in /Applications/MAMP/htdocs/github/mygit/object/index.php on line 200
[06-Apr-2019 12:12:51 UTC] PHP Notice:  Undefined index: lang in /Applications/MAMP/htdocs/github/mygit/object/index.php on line 200
[06-Apr-2019 12:12:51 UTC] PHP Fatal error:  Uncaught Error: Call to a member function getName() on null in /Applications/MAMP/htdocs/github/mygit/object/index.php:200
Stack trace:
#0 {main}
  thrown in /Applications/MAMP/htdocs/github/mygit/object/index.php on line 200
[06-Apr-2019 12:14:28 UTC] PHP Notice:  Undefined index: lang in /Applications/MAMP/htdocs/github/mygit/object/index.php on line 200
[06-Apr-2019 12:14:28 UTC] PHP Fatal error:  Uncaught Error: Call to a member function getName() on null in /Applications/MAMP/htdocs/github/mygit/object/index.php:200
Stack trace:
#0 {main}
  thrown in /Applications/MAMP/htdocs/github/mygit/object/index.php on line 200
[06-Apr-2019 12:17:19 UTC] PHP Notice:  Undefined index: lang in /Applications/MAMP/htdocs/github/mygit/object/index.php on line 199
[06-Apr-2019 12:17:19 UTC] PHP Fatal error:  Uncaught Error: Call to a member function getName() on null in /Applications/MAMP/htdocs/github/mygit/object/index.php:199
Stack trace:
#0 {main}
  thrown in /Applications/MAMP/htdocs/github/mygit/object/index.php on line 199
[06-Apr-2019 12:17:27 UTC] PHP Notice:  Undefined index: lang in /Applications/MAMP/htdocs/github/mygit/object/index.php on line 199
[06-Apr-2019 12:17:27 UTC] PHP Fatal error:  Uncaught Error: Call to a member function getName() on null in /Applications/MAMP/htdocs/github/mygit/object/index.php:199
Stack trace:
#0 {main}
  thrown in /Applications/MAMP/htdocs/github/mygit/object/index.php on line 199
[06-Apr-2019 12:20:29 UTC] PHP Notice:  Undefined index: lang in /Applications/MAMP/htdocs/github/mygit/object/index.php on line 199
[06-Apr-2019 12:20:29 UTC] PHP Fatal error:  Uncaught Error: Call to a member function getName() on null in /Applications/MAMP/htdocs/github/mygit/object/index.php:199
Stack trace:
#0 {main}
  thrown in /Applications/MAMP/htdocs/github/mygit/object/index.php on line 199
[06-Apr-2019 12:20:30 UTC] PHP Notice:  Undefined index: lang in /Applications/MAMP/htdocs/github/mygit/object/index.php on line 199
[06-Apr-2019 12:20:30 UTC] PHP Fatal error:  Uncaught Error: Call to a member function getName() on null in /Applications/MAMP/htdocs/github/mygit/object/index.php:199
Stack trace:
#0 {main}
  thrown in /Applications/MAMP/htdocs/github/mygit/object/index.php on line 199
[06-Apr-2019 12:21:46 UTC] PHP Notice:  Undefined index: lang in /Applications/MAMP/htdocs/github/mygit/object/index.php on line 199
[06-Apr-2019 12:21:46 UTC] PHP Fatal error:  Uncaught Error: Call to a member function getName() on null in /Applications/MAMP/htdocs/github/mygit/object/index.php:199
Stack trace:
#0 {main}
  thrown in /Applications/MAMP/htdocs/github/mygit/object/index.php on line 199
[06-Apr-2019 12:21:50 UTC] PHP Notice:  Undefined index: lang in /Applications/MAMP/htdocs/github/mygit/object/index.php on line 199
[06-Apr-2019 12:21:50 UTC] PHP Fatal error:  Uncaught Error: Call to a member function getName() on null in /Applications/MAMP/htdocs/github/mygit/object/index.php:199
Stack trace:
#0 {main}
  thrown in /Applications/MAMP/htdocs/github/mygit/object/index.php on line 199
[06-Apr-2019 12:21:50 UTC] PHP Notice:  Undefined index: lang in /Applications/MAMP/htdocs/github/mygit/object/index.php on line 199
[06-Apr-2019 12:21:50 UTC] PHP Fatal error:  Uncaught Error: Call to a member function getName() on null in /Applications/MAMP/htdocs/github/mygit/object/index.php:199
Stack trace:
#0 {main}
  thrown in /Applications/MAMP/htdocs/github/mygit/object/index.php on line 199
[06-Apr-2019 12:21:51 UTC] PHP Notice:  Undefined index: lang in /Applications/MAMP/htdocs/github/mygit/object/index.php on line 199
[06-Apr-2019 12:21:51 UTC] PHP Fatal error:  Uncaught Error: Call to a member function getName() on null in /Applications/MAMP/htdocs/github/mygit/object/index.php:199
Stack trace:
#0 {main}
  thrown in /Applications/MAMP/htdocs/github/mygit/object/index.php on line 199
[06-Apr-2019 12:21:51 UTC] PHP Notice:  Undefined index: lang in /Applications/MAMP/htdocs/github/mygit/object/index.php on line 199
[06-Apr-2019 12:21:51 UTC] PHP Fatal error:  Uncaught Error: Call to a member function getName() on null in /Applications/MAMP/htdocs/github/mygit/object/index.php:199
Stack trace:
#0 {main}
  thrown in /Applications/MAMP/htdocs/github/mygit/object/index.php on line 199
[06-Apr-2019 12:21:51 UTC] PHP Notice:  Undefined index: lang in /Applications/MAMP/htdocs/github/mygit/object/index.php on line 199
[06-Apr-2019 12:21:51 UTC] PHP Fatal error:  Uncaught Error: Call to a member function getName() on null in /Applications/MAMP/htdocs/github/mygit/object/index.php:199
Stack trace:
#0 {main}
  thrown in /Applications/MAMP/htdocs/github/mygit/object/index.php on line 199
[06-Apr-2019 12:21:51 UTC] PHP Notice:  Undefined index: lang in /Applications/MAMP/htdocs/github/mygit/object/index.php on line 199
[06-Apr-2019 12:21:51 UTC] PHP Fatal error:  Uncaught Error: Call to a member function getName() on null in /Applications/MAMP/htdocs/github/mygit/object/index.php:199
Stack trace:
#0 {main}
  thrown in /Applications/MAMP/htdocs/github/mygit/object/index.php on line 199
[06-Apr-2019 12:21:51 UTC] PHP Notice:  Undefined index: lang in /Applications/MAMP/htdocs/github/mygit/object/index.php on line 199
[06-Apr-2019 12:21:51 UTC] PHP Fatal error:  Uncaught Error: Call to a member function getName() on null in /Applications/MAMP/htdocs/github/mygit/object/index.php:199
Stack trace:
#0 {main}
  thrown in /Applications/MAMP/htdocs/github/mygit/object/index.php on line 199
[06-Apr-2019 12:21:52 UTC] PHP Notice:  Undefined index: lang in /Applications/MAMP/htdocs/github/mygit/object/index.php on line 199
[06-Apr-2019 12:21:52 UTC] PHP Fatal error:  Uncaught Error: Call to a member function getName() on null in /Applications/MAMP/htdocs/github/mygit/object/index.php:199
Stack trace:
#0 {main}
  thrown in /Applications/MAMP/htdocs/github/mygit/object/index.php on line 199
[06-Apr-2019 12:24:38 UTC] PHP Notice:  Undefined index: lang in /Applications/MAMP/htdocs/github/mygit/object/index.php on line 199
[06-Apr-2019 12:24:38 UTC] PHP Fatal error:  Uncaught Error: Call to a member function getName() on null in /Applications/MAMP/htdocs/github/mygit/object/index.php:199
Stack trace:
#0 {main}
  thrown in /Applications/MAMP/htdocs/github/mygit/object/index.php on line 199
[06-Apr-2019 12:26:46 UTC] PHP Notice:  Undefined index: lang in /Applications/MAMP/htdocs/github/mygit/object/index.php on line 199
[06-Apr-2019 12:26:46 UTC] PHP Fatal error:  Uncaught Error: Call to a member function getName() on null in /Applications/MAMP/htdocs/github/mygit/object/index.php:199
Stack trace:
#0 {main}
  thrown in /Applications/MAMP/htdocs/github/mygit/object/index.php on line 199
[06-Apr-2019 12:26:46 UTC] PHP Notice:  Undefined index: lang in /Applications/MAMP/htdocs/github/mygit/object/index.php on line 199
[06-Apr-2019 12:26:46 UTC] PHP Fatal error:  Uncaught Error: Call to a member function getName() on null in /Applications/MAMP/htdocs/github/mygit/object/index.php:199
Stack trace:
#0 {main}
  thrown in /Applications/MAMP/htdocs/github/mygit/object/index.php on line 199
[06-Apr-2019 12:26:47 UTC] PHP Notice:  Undefined index: lang in /Applications/MAMP/htdocs/github/mygit/object/index.php on line 199
[06-Apr-2019 12:26:47 UTC] PHP Fatal error:  Uncaught Error: Call to a member function getName() on null in /Applications/MAMP/htdocs/github/mygit/object/index.php:199
Stack trace:
#0 {main}
  thrown in /Applications/MAMP/htdocs/github/mygit/object/index.php on line 199
[06-Apr-2019 12:26:47 UTC] PHP Notice:  Undefined index: lang in /Applications/MAMP/htdocs/github/mygit/object/index.php on line 199
[06-Apr-2019 12:26:47 UTC] PHP Fatal error:  Uncaught Error: Call to a member function getName() on null in /Applications/MAMP/htdocs/github/mygit/object/index.php:199
Stack trace:
#0 {main}
  thrown in /Applications/MAMP/htdocs/github/mygit/object/index.php on line 199
[06-Apr-2019 12:31:56 UTC] PHP Notice:  Undefined index: lang in /Applications/MAMP/htdocs/github/mygit/object/index.php on line 199
[06-Apr-2019 12:31:56 UTC] PHP Fatal error:  Uncaught Error: Call to a member function getName() on null in /Applications/MAMP/htdocs/github/mygit/object/index.php:199
Stack trace:
#0 {main}
  thrown in /Applications/MAMP/htdocs/github/mygit/object/index.php on line 199
[06-Apr-2019 12:31:57 UTC] PHP Notice:  Undefined index: lang in /Applications/MAMP/htdocs/github/mygit/object/index.php on line 199
[06-Apr-2019 12:31:57 UTC] PHP Fatal error:  Uncaught Error: Call to a member function getName() on null in /Applications/MAMP/htdocs/github/mygit/object/index.php:199
Stack trace:
#0 {main}
  thrown in /Applications/MAMP/htdocs/github/mygit/object/index.php on line 199
[06-Apr-2019 12:31:57 UTC] PHP Notice:  Undefined index: lang in /Applications/MAMP/htdocs/github/mygit/object/index.php on line 199
[06-Apr-2019 12:31:57 UTC] PHP Fatal error:  Uncaught Error: Call to a member function getName() on null in /Applications/MAMP/htdocs/github/mygit/object/index.php:199
Stack trace:
#0 {main}
  thrown in /Applications/MAMP/htdocs/github/mygit/object/index.php on line 199
[06-Apr-2019 12:33:52 UTC] PHP Notice:  Undefined index: lang in /Applications/MAMP/htdocs/github/mygit/object/index.php on line 199
[06-Apr-2019 12:33:52 UTC] PHP Fatal error:  Uncaught Error: Call to a member function getName() on null in /Applications/MAMP/htdocs/github/mygit/object/index.php:199
Stack trace:
#0 {main}
  thrown in /Applications/MAMP/htdocs/github/mygit/object/index.php on line 199
[06-Apr-2019 12:36:56 UTC] PHP Notice:  Undefined index: lang in /Applications/MAMP/htdocs/github/mygit/object/index.php on line 199
[06-Apr-2019 12:36:56 UTC] PHP Fatal error:  Uncaught Error: Call to a member function getName() on null in /Applications/MAMP/htdocs/github/mygit/object/index.php:199
Stack trace:
#0 {main}
  thrown in /Applications/MAMP/htdocs/github/mygit/object/index.php on line 199
[06-Apr-2019 12:41:33 UTC] PHP Notice:  Undefined index: language in /Applications/MAMP/htdocs/github/mygit/object/index.php on line 199
[06-Apr-2019 12:41:33 UTC] PHP Fatal error:  Uncaught Error: Call to a member function getName() on null in /Applications/MAMP/htdocs/github/mygit/object/index.php:199
Stack trace:
#0 {main}
  thrown in /Applications/MAMP/htdocs/github/mygit/object/index.php on line 199
[06-Apr-2019 12:51:24 UTC] PHP Notice:  Undefined index: language in /Applications/MAMP/htdocs/github/mygit/object/index.php on line 199
[06-Apr-2019 12:51:24 UTC] PHP Fatal error:  Uncaught Error: Call to a member function getName() on null in /Applications/MAMP/htdocs/github/mygit/object/index.php:199
Stack trace:
#0 {main}
  thrown in /Applications/MAMP/htdocs/github/mygit/object/index.php on line 199
[06-Apr-2019 12:51:33 UTC] PHP Notice:  Undefined index: language in /Applications/MAMP/htdocs/github/mygit/object/index.php on line 199
[06-Apr-2019 12:51:33 UTC] PHP Fatal error:  Uncaught Error: Call to a member function getName() on null in /Applications/MAMP/htdocs/github/mygit/object/index.php:199
Stack trace:
#0 {main}
  thrown in /Applications/MAMP/htdocs/github/mygit/object/index.php on line 199
[06-Apr-2019 12:58:17 UTC] PHP Notice:  Undefined index: language in /Applications/MAMP/htdocs/github/mygit/object/index.php on line 198
[06-Apr-2019 12:58:17 UTC] PHP Fatal error:  Uncaught Error: Call to a member function getName() on null in /Applications/MAMP/htdocs/github/mygit/object/index.php:198
Stack trace:
#0 {main}
  thrown in /Applications/MAMP/htdocs/github/mygit/object/index.php on line 198
[06-Apr-2019 12:58:17 UTC] PHP Notice:  Undefined index: language in /Applications/MAMP/htdocs/github/mygit/object/index.php on line 198
[06-Apr-2019 12:58:17 UTC] PHP Fatal error:  Uncaught Error: Call to a member function getName() on null in /Applications/MAMP/htdocs/github/mygit/object/index.php:198
Stack trace:
#0 {main}
  thrown in /Applications/MAMP/htdocs/github/mygit/object/index.php on line 198
[06-Apr-2019 13:13:12 UTC] PHP Notice:  Undefined index: language in /Applications/MAMP/htdocs/github/mygit/object/index.php on line 198
[06-Apr-2019 13:13:12 UTC] PHP Fatal error:  Uncaught Error: Call to a member function getName() on null in /Applications/MAMP/htdocs/github/mygit/object/index.php:198
Stack trace:
#0 {main}
  thrown in /Applications/MAMP/htdocs/github/mygit/object/index.php on line 198
[06-Apr-2019 13:19:50 UTC] PHP Notice:  Undefined index: language in /Applications/MAMP/htdocs/github/mygit/object/index.php on line 198
[06-Apr-2019 13:19:50 UTC] PHP Fatal error:  Uncaught Error: Call to a member function getName() on null in /Applications/MAMP/htdocs/github/mygit/object/index.php:198
Stack trace:
#0 {main}
  thrown in /Applications/MAMP/htdocs/github/mygit/object/index.php on line 198
[06-Apr-2019 13:19:50 UTC] PHP Notice:  Undefined index: language in /Applications/MAMP/htdocs/github/mygit/object/index.php on line 198
[06-Apr-2019 13:19:50 UTC] PHP Fatal error:  Uncaught Error: Call to a member function getName() on null in /Applications/MAMP/htdocs/github/mygit/object/index.php:198
Stack trace:
#0 {main}
  thrown in /Applications/MAMP/htdocs/github/mygit/object/index.php on line 198
[06-Apr-2019 13:19:51 UTC] PHP Notice:  Undefined index: language in /Applications/MAMP/htdocs/github/mygit/object/index.php on line 198
[06-Apr-2019 13:19:51 UTC] PHP Fatal error:  Uncaught Error: Call to a member function getName() on null in /Applications/MAMP/htdocs/github/mygit/object/index.php:198
Stack trace:
#0 {main}
  thrown in /Applications/MAMP/htdocs/github/mygit/object/index.php on line 198
[06-Apr-2019 13:19:51 UTC] PHP Notice:  Undefined index: language in /Applications/MAMP/htdocs/github/mygit/object/index.php on line 198
[06-Apr-2019 13:19:51 UTC] PHP Fatal error:  Uncaught Error: Call to a member function getName() on null in /Applications/MAMP/htdocs/github/mygit/object/index.php:198
Stack trace:
#0 {main}
  thrown in /Applications/MAMP/htdocs/github/mygit/object/index.php on line 198
[06-Apr-2019 13:19:51 UTC] PHP Notice:  Undefined index: language in /Applications/MAMP/htdocs/github/mygit/object/index.php on line 198
[06-Apr-2019 13:19:51 UTC] PHP Fatal error:  Uncaught Error: Call to a member function getName() on null in /Applications/MAMP/htdocs/github/mygit/object/index.php:198
Stack trace:
#0 {main}
  thrown in /Applications/MAMP/htdocs/github/mygit/object/index.php on line 198
[06-Apr-2019 13:19:51 UTC] PHP Notice:  Undefined index: language in /Applications/MAMP/htdocs/github/mygit/object/index.php on line 198
[06-Apr-2019 13:19:51 UTC] PHP Fatal error:  Uncaught Error: Call to a member function getName() on null in /Applications/MAMP/htdocs/github/mygit/object/index.php:198
Stack trace:
#0 {main}
  thrown in /Applications/MAMP/htdocs/github/mygit/object/index.php on line 198
[06-Apr-2019 13:19:52 UTC] PHP Notice:  Undefined index: language in /Applications/MAMP/htdocs/github/mygit/object/index.php on line 198
[06-Apr-2019 13:19:52 UTC] PHP Fatal error:  Uncaught Error: Call to a member function getName() on null in /Applications/MAMP/htdocs/github/mygit/object/index.php:198
Stack trace:
#0 {main}
  thrown in /Applications/MAMP/htdocs/github/mygit/object/index.php on line 198
[06-Apr-2019 13:19:52 UTC] PHP Notice:  Undefined index: language in /Applications/MAMP/htdocs/github/mygit/object/index.php on line 198
[06-Apr-2019 13:19:52 UTC] PHP Fatal error:  Uncaught Error: Call to a member function getName() on null in /Applications/MAMP/htdocs/github/mygit/object/index.php:198
Stack trace:
#0 {main}
  thrown in /Applications/MAMP/htdocs/github/mygit/object/index.php on line 198
[06-Apr-2019 13:20:24 UTC] PHP Notice:  Undefined index: language in /Applications/MAMP/htdocs/github/mygit/object/index.php on line 198
[06-Apr-2019 13:20:24 UTC] PHP Fatal error:  Uncaught Error: Call to a member function getName() on null in /Applications/MAMP/htdocs/github/mygit/object/index.php:198
Stack trace:
#0 {main}
  thrown in /Applications/MAMP/htdocs/github/mygit/object/index.php on line 198
[06-Apr-2019 13:21:35 UTC] PHP Notice:  Undefined index: language in /Applications/MAMP/htdocs/github/mygit/object/index.php on line 198
[06-Apr-2019 13:21:35 UTC] PHP Fatal error:  Uncaught Error: Call to a member function getName() on null in /Applications/MAMP/htdocs/github/mygit/object/index.php:198
Stack trace:
#0 {main}
  thrown in /Applications/MAMP/htdocs/github/mygit/object/index.php on line 198
[06-Apr-2019 13:21:35 UTC] PHP Notice:  Undefined index: language in /Applications/MAMP/htdocs/github/mygit/object/index.php on line 198
[06-Apr-2019 13:21:35 UTC] PHP Fatal error:  Uncaught Error: Call to a member function getName() on null in /Applications/MAMP/htdocs/github/mygit/object/index.php:198
Stack trace:
#0 {main}
  thrown in /Applications/MAMP/htdocs/github/mygit/object/index.php on line 198
[06-Apr-2019 13:21:35 UTC] PHP Notice:  Undefined index: language in /Applications/MAMP/htdocs/github/mygit/object/index.php on line 198
[06-Apr-2019 13:21:35 UTC] PHP Fatal error:  Uncaught Error: Call to a member function getName() on null in /Applications/MAMP/htdocs/github/mygit/object/index.php:198
Stack trace:
#0 {main}
  thrown in /Applications/MAMP/htdocs/github/mygit/object/index.php on line 198
[06-Apr-2019 13:23:59 UTC] PHP Notice:  Undefined index: language in /Applications/MAMP/htdocs/github/mygit/object/index.php on line 197
[06-Apr-2019 13:23:59 UTC] PHP Fatal error:  Uncaught Error: Call to a member function getName() on null in /Applications/MAMP/htdocs/github/mygit/object/index.php:197
Stack trace:
#0 {main}
  thrown in /Applications/MAMP/htdocs/github/mygit/object/index.php on line 197
[06-Apr-2019 13:24:00 UTC] PHP Notice:  Undefined index: language in /Applications/MAMP/htdocs/github/mygit/object/index.php on line 197
[06-Apr-2019 13:24:00 UTC] PHP Fatal error:  Uncaught Error: Call to a member function getName() on null in /Applications/MAMP/htdocs/github/mygit/object/index.php:197
Stack trace:
#0 {main}
  thrown in /Applications/MAMP/htdocs/github/mygit/object/index.php on line 197
[06-Apr-2019 13:24:00 UTC] PHP Notice:  Undefined index: language in /Applications/MAMP/htdocs/github/mygit/object/index.php on line 197
[06-Apr-2019 13:24:00 UTC] PHP Fatal error:  Uncaught Error: Call to a member function getName() on null in /Applications/MAMP/htdocs/github/mygit/object/index.php:197
Stack trace:
#0 {main}
  thrown in /Applications/MAMP/htdocs/github/mygit/object/index.php on line 197
[06-Apr-2019 13:24:00 UTC] PHP Notice:  Undefined index: language in /Applications/MAMP/htdocs/github/mygit/object/index.php on line 197
[06-Apr-2019 13:24:00 UTC] PHP Fatal error:  Uncaught Error: Call to a member function getName() on null in /Applications/MAMP/htdocs/github/mygit/object/index.php:197
Stack trace:
#0 {main}
  thrown in /Applications/MAMP/htdocs/github/mygit/object/index.php on line 197
[06-Apr-2019 13:24:01 UTC] PHP Notice:  Undefined index: language in /Applications/MAMP/htdocs/github/mygit/object/index.php on line 197
[06-Apr-2019 13:24:01 UTC] PHP Fatal error:  Uncaught Error: Call to a member function getName() on null in /Applications/MAMP/htdocs/github/mygit/object/index.php:197
Stack trace:
#0 {main}
  thrown in /Applications/MAMP/htdocs/github/mygit/object/index.php on line 197
[06-Apr-2019 13:24:01 UTC] PHP Notice:  Undefined index: language in /Applications/MAMP/htdocs/github/mygit/object/index.php on line 197
[06-Apr-2019 13:24:01 UTC] PHP Fatal error:  Uncaught Error: Call to a member function getName() on null in /Applications/MAMP/htdocs/github/mygit/object/index.php:197
Stack trace:
#0 {main}
  thrown in /Applications/MAMP/htdocs/github/mygit/object/index.php on line 197
[06-Apr-2019 13:24:01 UTC] PHP Notice:  Undefined index: language in /Applications/MAMP/htdocs/github/mygit/object/index.php on line 197
[06-Apr-2019 13:24:01 UTC] PHP Fatal error:  Uncaught Error: Call to a member function getName() on null in /Applications/MAMP/htdocs/github/mygit/object/index.php:197
Stack trace:
#0 {main}
  thrown in /Applications/MAMP/htdocs/github/mygit/object/index.php on line 197
[06-Apr-2019 13:24:10 UTC] PHP Notice:  Undefined index: language in /Applications/MAMP/htdocs/github/mygit/object/index.php on line 197
[06-Apr-2019 13:24:10 UTC] PHP Fatal error:  Uncaught Error: Call to a member function getName() on null in /Applications/MAMP/htdocs/github/mygit/object/index.php:197
Stack trace:
#0 {main}
  thrown in /Applications/MAMP/htdocs/github/mygit/object/index.php on line 197
[06-Apr-2019 13:30:14 UTC] PHP Notice:  Undefined index: language in /Applications/MAMP/htdocs/github/mygit/object/index.php on line 197
[06-Apr-2019 13:30:14 UTC] PHP Fatal error:  Uncaught Error: Call to a member function getName() on null in /Applications/MAMP/htdocs/github/mygit/object/index.php:197
Stack trace:
#0 {main}
  thrown in /Applications/MAMP/htdocs/github/mygit/object/index.php on line 197
[06-Apr-2019 13:39:01 UTC] PHP Notice:  Undefined index: language in /Applications/MAMP/htdocs/github/mygit/object/index.php on line 197
[06-Apr-2019 13:39:01 UTC] PHP Fatal error:  Uncaught Error: Call to a member function getName() on null in /Applications/MAMP/htdocs/github/mygit/object/index.php:197
Stack trace:
#0 {main}
  thrown in /Applications/MAMP/htdocs/github/mygit/object/index.php on line 197
[06-Apr-2019 13:39:02 UTC] PHP Notice:  Undefined index: language in /Applications/MAMP/htdocs/github/mygit/object/index.php on line 197
[06-Apr-2019 13:39:02 UTC] PHP Fatal error:  Uncaught Error: Call to a member function getName() on null in /Applications/MAMP/htdocs/github/mygit/object/index.php:197
Stack trace:
#0 {main}
  thrown in /Applications/MAMP/htdocs/github/mygit/object/index.php on line 197
[06-Apr-2019 13:39:03 UTC] PHP Notice:  Undefined index: language in /Applications/MAMP/htdocs/github/mygit/object/index.php on line 197
[06-Apr-2019 13:39:03 UTC] PHP Fatal error:  Uncaught Error: Call to a member function getName() on null in /Applications/MAMP/htdocs/github/mygit/object/index.php:197
Stack trace:
#0 {main}
  thrown in /Applications/MAMP/htdocs/github/mygit/object/index.php on line 197
[06-Apr-2019 13:39:07 UTC] PHP Notice:  Undefined index: language in /Applications/MAMP/htdocs/github/mygit/object/index.php on line 197
[06-Apr-2019 13:39:07 UTC] PHP Fatal error:  Uncaught Error: Call to a member function getName() on null in /Applications/MAMP/htdocs/github/mygit/object/index.php:197
Stack trace:
#0 {main}
  thrown in /Applications/MAMP/htdocs/github/mygit/object/index.php on line 197
[06-Apr-2019 13:40:27 UTC] PHP Notice:  Undefined index: language in /Applications/MAMP/htdocs/github/mygit/object/index.php on line 197
[06-Apr-2019 13:40:27 UTC] PHP Fatal error:  Uncaught Error: Call to a member function getName() on null in /Applications/MAMP/htdocs/github/mygit/object/index.php:197
Stack trace:
#0 {main}
  thrown in /Applications/MAMP/htdocs/github/mygit/object/index.php on line 197
[06-Apr-2019 13:40:29 UTC] PHP Notice:  Undefined index: language in /Applications/MAMP/htdocs/github/mygit/object/index.php on line 197
[06-Apr-2019 13:40:29 UTC] PHP Fatal error:  Uncaught Error: Call to a member function getName() on null in /Applications/MAMP/htdocs/github/mygit/object/index.php:197
Stack trace:
#0 {main}
  thrown in /Applications/MAMP/htdocs/github/mygit/object/index.php on line 197
[06-Apr-2019 13:43:12 UTC] PHP Notice:  Undefined index: language in /Applications/MAMP/htdocs/github/mygit/object/index.php on line 198
[06-Apr-2019 13:43:12 UTC] PHP Fatal error:  Uncaught Error: Call to a member function getName() on null in /Applications/MAMP/htdocs/github/mygit/object/index.php:198
Stack trace:
#0 {main}
  thrown in /Applications/MAMP/htdocs/github/mygit/object/index.php on line 198
[07-Apr-2019 05:47:06 UTC] PHP Notice:  Undefined index: language in /Applications/MAMP/htdocs/github/mygit/object/index.php on line 197
[07-Apr-2019 05:47:06 UTC] PHP Fatal error:  Uncaught Error: Call to a member function getName() on null in /Applications/MAMP/htdocs/github/mygit/object/index.php:197
Stack trace:
#0 {main}
  thrown in /Applications/MAMP/htdocs/github/mygit/object/index.php on line 197
[07-Apr-2019 05:51:33 UTC] PHP Notice:  Undefined index: language in /Applications/MAMP/htdocs/github/mygit/object/index.php on line 197
[07-Apr-2019 05:51:33 UTC] PHP Fatal error:  Uncaught Error: Call to a member function getName() on null in /Applications/MAMP/htdocs/github/mygit/object/index.php:197
Stack trace:
#0 {main}
  thrown in /Applications/MAMP/htdocs/github/mygit/object/index.php on line 197
[07-Apr-2019 05:51:46 UTC] PHP Notice:  Undefined index: language in /Applications/MAMP/htdocs/github/mygit/object/index.php on line 197
[07-Apr-2019 05:51:46 UTC] PHP Fatal error:  Uncaught Error: Call to a member function getName() on null in /Applications/MAMP/htdocs/github/mygit/object/index.php:197
Stack trace:
#0 {main}
  thrown in /Applications/MAMP/htdocs/github/mygit/object/index.php on line 197
[07-Apr-2019 05:51:47 UTC] PHP Notice:  Undefined index: language in /Applications/MAMP/htdocs/github/mygit/object/index.php on line 197
[07-Apr-2019 05:51:47 UTC] PHP Fatal error:  Uncaught Error: Call to a member function getName() on null in /Applications/MAMP/htdocs/github/mygit/object/index.php:197
Stack trace:
#0 {main}
  thrown in /Applications/MAMP/htdocs/github/mygit/object/index.php on line 197
[07-Apr-2019 05:51:47 UTC] PHP Notice:  Undefined index: language in /Applications/MAMP/htdocs/github/mygit/object/index.php on line 197
[07-Apr-2019 05:51:47 UTC] PHP Fatal error:  Uncaught Error: Call to a member function getName() on null in /Applications/MAMP/htdocs/github/mygit/object/index.php:197
Stack trace:
#0 {main}
  thrown in /Applications/MAMP/htdocs/github/mygit/object/index.php on line 197
[07-Apr-2019 05:51:47 UTC] PHP Notice:  Undefined index: language in /Applications/MAMP/htdocs/github/mygit/object/index.php on line 197
[07-Apr-2019 05:51:47 UTC] PHP Fatal error:  Uncaught Error: Call to a member function getName() on null in /Applications/MAMP/htdocs/github/mygit/object/index.php:197
Stack trace:
#0 {main}
  thrown in /Applications/MAMP/htdocs/github/mygit/object/index.php on line 197
[07-Apr-2019 05:51:47 UTC] PHP Notice:  Undefined index: language in /Applications/MAMP/htdocs/github/mygit/object/index.php on line 197
[07-Apr-2019 05:51:47 UTC] PHP Fatal error:  Uncaught Error: Call to a member function getName() on null in /Applications/MAMP/htdocs/github/mygit/object/index.php:197
Stack trace:
#0 {main}
  thrown in /Applications/MAMP/htdocs/github/mygit/object/index.php on line 197
[07-Apr-2019 05:52:12 UTC] PHP Notice:  Undefined index: language in /Applications/MAMP/htdocs/github/mygit/object/index.php on line 197
[07-Apr-2019 05:52:12 UTC] PHP Fatal error:  Uncaught Error: Call to a member function getName() on null in /Applications/MAMP/htdocs/github/mygit/object/index.php:197
Stack trace:
#0 {main}
  thrown in /Applications/MAMP/htdocs/github/mygit/object/index.php on line 197
[07-Apr-2019 05:52:13 UTC] PHP Notice:  Undefined index: language in /Applications/MAMP/htdocs/github/mygit/object/index.php on line 197
[07-Apr-2019 05:52:13 UTC] PHP Fatal error:  Uncaught Error: Call to a member function getName() on null in /Applications/MAMP/htdocs/github/mygit/object/index.php:197
Stack trace:
#0 {main}
  thrown in /Applications/MAMP/htdocs/github/mygit/object/index.php on line 197
[07-Apr-2019 05:57:03 UTC] PHP Notice:  Undefined index: language in /Applications/MAMP/htdocs/github/mygit/object/index.php on line 197
[07-Apr-2019 05:57:03 UTC] PHP Fatal error:  Uncaught Error: Call to a member function getName() on null in /Applications/MAMP/htdocs/github/mygit/object/index.php:197
Stack trace:
#0 {main}
  thrown in /Applications/MAMP/htdocs/github/mygit/object/index.php on line 197
[07-Apr-2019 05:57:03 UTC] PHP Notice:  Undefined index: language in /Applications/MAMP/htdocs/github/mygit/object/index.php on line 197
[07-Apr-2019 05:57:03 UTC] PHP Fatal error:  Uncaught Error: Call to a member function getName() on null in /Applications/MAMP/htdocs/github/mygit/object/index.php:197
Stack trace:
#0 {main}
  thrown in /Applications/MAMP/htdocs/github/mygit/object/index.php on line 197
[07-Apr-2019 05:57:03 UTC] PHP Notice:  Undefined index: language in /Applications/MAMP/htdocs/github/mygit/object/index.php on line 197
[07-Apr-2019 05:57:03 UTC] PHP Fatal error:  Uncaught Error: Call to a member function getName() on null in /Applications/MAMP/htdocs/github/mygit/object/index.php:197
Stack trace:
#0 {main}
  thrown in /Applications/MAMP/htdocs/github/mygit/object/index.php on line 197
[07-Apr-2019 05:57:10 UTC] PHP Notice:  Undefined index: language in /Applications/MAMP/htdocs/github/mygit/object/index.php on line 197
[07-Apr-2019 05:57:10 UTC] PHP Fatal error:  Uncaught Error: Call to a member function getName() on null in /Applications/MAMP/htdocs/github/mygit/object/index.php:197
Stack trace:
#0 {main}
  thrown in /Applications/MAMP/htdocs/github/mygit/object/index.php on line 197
[07-Apr-2019 05:58:08 UTC] PHP Notice:  Undefined index: language in /Applications/MAMP/htdocs/github/mygit/object/index.php on line 197
[07-Apr-2019 05:58:08 UTC] PHP Fatal error:  Uncaught Error: Call to a member function getName() on null in /Applications/MAMP/htdocs/github/mygit/object/index.php:197
Stack trace:
#0 {main}
  thrown in /Applications/MAMP/htdocs/github/mygit/object/index.php on line 197
[07-Apr-2019 05:58:55 UTC] PHP Notice:  Undefined index: language in /Applications/MAMP/htdocs/github/mygit/object/index.php on line 197
[07-Apr-2019 05:58:55 UTC] PHP Fatal error:  Uncaught Error: Call to a member function getName() on null in /Applications/MAMP/htdocs/github/mygit/object/index.php:197
Stack trace:
#0 {main}
  thrown in /Applications/MAMP/htdocs/github/mygit/object/index.php on line 197
[07-Apr-2019 05:58:56 UTC] PHP Notice:  Undefined index: language in /Applications/MAMP/htdocs/github/mygit/object/index.php on line 197
[07-Apr-2019 05:58:56 UTC] PHP Fatal error:  Uncaught Error: Call to a member function getName() on null in /Applications/MAMP/htdocs/github/mygit/object/index.php:197
Stack trace:
#0 {main}
  thrown in /Applications/MAMP/htdocs/github/mygit/object/index.php on line 197
[07-Apr-2019 05:58:56 UTC] PHP Notice:  Undefined index: language in /Applications/MAMP/htdocs/github/mygit/object/index.php on line 197
[07-Apr-2019 05:58:56 UTC] PHP Fatal error:  Uncaught Error: Call to a member function getName() on null in /Applications/MAMP/htdocs/github/mygit/object/index.php:197
Stack trace:
#0 {main}
  thrown in /Applications/MAMP/htdocs/github/mygit/object/index.php on line 197
[07-Apr-2019 05:58:56 UTC] PHP Notice:  Undefined index: language in /Applications/MAMP/htdocs/github/mygit/object/index.php on line 197
[07-Apr-2019 05:58:56 UTC] PHP Fatal error:  Uncaught Error: Call to a member function getName() on null in /Applications/MAMP/htdocs/github/mygit/object/index.php:197
Stack trace:
#0 {main}
  thrown in /Applications/MAMP/htdocs/github/mygit/object/index.php on line 197
[07-Apr-2019 06:04:09 UTC] PHP Notice:  Undefined index: language in /Applications/MAMP/htdocs/github/mygit/object/index.php on line 197
[07-Apr-2019 06:04:09 UTC] PHP Fatal error:  Uncaught Error: Call to a member function getName() on null in /Applications/MAMP/htdocs/github/mygit/object/index.php:197
Stack trace:
#0 {main}
  thrown in /Applications/MAMP/htdocs/github/mygit/object/index.php on line 197
[07-Apr-2019 06:04:51 UTC] PHP Notice:  Undefined index: language in /Applications/MAMP/htdocs/github/mygit/object/index.php on line 197
[07-Apr-2019 06:04:51 UTC] PHP Fatal error:  Uncaught Error: Call to a member function getName() on null in /Applications/MAMP/htdocs/github/mygit/object/index.php:197
Stack trace:
#0 {main}
  thrown in /Applications/MAMP/htdocs/github/mygit/object/index.php on line 197
[07-Apr-2019 06:05:01 UTC] PHP Notice:  Undefined index: language in /Applications/MAMP/htdocs/github/mygit/object/index.php on line 197
[07-Apr-2019 06:05:01 UTC] PHP Fatal error:  Uncaught Error: Call to a member function getName() on null in /Applications/MAMP/htdocs/github/mygit/object/index.php:197
Stack trace:
#0 {main}
  thrown in /Applications/MAMP/htdocs/github/mygit/object/index.php on line 197
[07-Apr-2019 06:07:05 UTC] PHP Notice:  Undefined index: language in /Applications/MAMP/htdocs/github/mygit/object/index.php on line 197
[07-Apr-2019 06:07:05 UTC] PHP Fatal error:  Uncaught Error: Call to a member function getName() on null in /Applications/MAMP/htdocs/github/mygit/object/index.php:197
Stack trace:
#0 {main}
  thrown in /Applications/MAMP/htdocs/github/mygit/object/index.php on line 197
[07-Apr-2019 06:07:20 UTC] PHP Notice:  Undefined index: language in /Applications/MAMP/htdocs/github/mygit/object/index.php on line 197
[07-Apr-2019 06:07:20 UTC] PHP Fatal error:  Uncaught Error: Call to a member function getName() on null in /Applications/MAMP/htdocs/github/mygit/object/index.php:197
Stack trace:
#0 {main}
  thrown in /Applications/MAMP/htdocs/github/mygit/object/index.php on line 197
[07-Apr-2019 06:32:17 UTC] PHP Notice:  Undefined index: player in /Applications/MAMP/htdocs/github/mygit/object/index.php on line 155
[07-Apr-2019 06:32:17 UTC] PHP Fatal error:  Uncaught Error: Call to a member function attack() on null in /Applications/MAMP/htdocs/github/mygit/object/index.php:155
Stack trace:
#0 {main}
  thrown in /Applications/MAMP/htdocs/github/mygit/object/index.php on line 155
[07-Apr-2019 06:33:16 UTC] PHP Notice:  Undefined index: player in /Applications/MAMP/htdocs/github/mygit/object/index.php on line 155
[07-Apr-2019 06:33:16 UTC] PHP Fatal error:  Uncaught Error: Call to a member function attack() on null in /Applications/MAMP/htdocs/github/mygit/object/index.php:155
Stack trace:
#0 {main}
  thrown in /Applications/MAMP/htdocs/github/mygit/object/index.php on line 155
[07-Apr-2019 06:57:24 UTC] PHP Warning:  Use of undefined constant motivation - assumed 'motivation' (this will throw an Error in a future version of PHP) in /Applications/MAMP/htdocs/github/mygit/object/index.php on line 62
[07-Apr-2019 06:57:24 UTC] PHP Notice:  Object of class Player could not be converted to number in /Applications/MAMP/htdocs/github/mygit/object/index.php on line 62
[07-Apr-2019 06:57:24 UTC] PHP Warning:  A non-numeric value encountered in /Applications/MAMP/htdocs/github/mygit/object/index.php on line 62
[07-Apr-2019 07:09:00 UTC] PHP Warning:  Use of undefined constant 高い - assumed '高い' (this will throw an Error in a future version of PHP) in /Applications/MAMP/htdocs/github/mygit/object/index.php on line 115
[07-Apr-2019 07:09:00 UTC] PHP Notice:  Undefined index: player in /Applications/MAMP/htdocs/github/mygit/object/index.php on line 155
[07-Apr-2019 07:09:00 UTC] PHP Fatal error:  Uncaught Error: Call to a member function attack() on null in /Applications/MAMP/htdocs/github/mygit/object/index.php:155
Stack trace:
#0 {main}
  thrown in /Applications/MAMP/htdocs/github/mygit/object/index.php on line 155
[07-Apr-2019 07:09:32 UTC] PHP Notice:  Undefined index: player in /Applications/MAMP/htdocs/github/mygit/object/index.php on line 155
[07-Apr-2019 07:09:32 UTC] PHP Fatal error:  Uncaught Error: Call to a member function attack() on null in /Applications/MAMP/htdocs/github/mygit/object/index.php:155
Stack trace:
#0 {main}
  thrown in /Applications/MAMP/htdocs/github/mygit/object/index.php on line 155
[07-Apr-2019 07:09:39 UTC] PHP Notice:  Undefined index: player in /Applications/MAMP/htdocs/github/mygit/object/index.php on line 155
[07-Apr-2019 07:09:39 UTC] PHP Fatal error:  Uncaught Error: Call to a member function attack() on null in /Applications/MAMP/htdocs/github/mygit/object/index.php:155
Stack trace:
#0 {main}
  thrown in /Applications/MAMP/htdocs/github/mygit/object/index.php on line 155
[07-Apr-2019 07:09:48 UTC] PHP Notice:  Undefined index: player in /Applications/MAMP/htdocs/github/mygit/object/index.php on line 155
[07-Apr-2019 07:09:48 UTC] PHP Fatal error:  Uncaught Error: Call to a member function attack() on null in /Applications/MAMP/htdocs/github/mygit/object/index.php:155
Stack trace:
#0 {main}
  thrown in /Applications/MAMP/htdocs/github/mygit/object/index.php on line 155
[07-Apr-2019 07:17:52 UTC] PHP Notice:  Undefined index: player in /Applications/MAMP/htdocs/github/mygit/object/index.php on line 155
[07-Apr-2019 07:17:52 UTC] PHP Fatal error:  Uncaught Error: Call to a member function attack() on null in /Applications/MAMP/htdocs/github/mygit/object/index.php:155
Stack trace:
#0 {main}
  thrown in /Applications/MAMP/htdocs/github/mygit/object/index.php on line 155
[07-Apr-2019 07:17:52 UTC] PHP Notice:  Undefined index: player in /Applications/MAMP/htdocs/github/mygit/object/index.php on line 155
[07-Apr-2019 07:17:52 UTC] PHP Fatal error:  Uncaught Error: Call to a member function attack() on null in /Applications/MAMP/htdocs/github/mygit/object/index.php:155
Stack trace:
#0 {main}
  thrown in /Applications/MAMP/htdocs/github/mygit/object/index.php on line 155
[07-Apr-2019 07:40:29 UTC] PHP Notice:  Undefined index: player in /Applications/MAMP/htdocs/github/mygit/object/index.php on line 155
[07-Apr-2019 07:40:29 UTC] PHP Fatal error:  Uncaught Error: Call to a member function attack() on null in /Applications/MAMP/htdocs/github/mygit/object/index.php:155
Stack trace:
#0 {main}
  thrown in /Applications/MAMP/htdocs/github/mygit/object/index.php on line 155
[07-Apr-2019 07:40:39 UTC] PHP Notice:  Undefined index: player in /Applications/MAMP/htdocs/github/mygit/object/index.php on line 155
[07-Apr-2019 07:40:39 UTC] PHP Fatal error:  Uncaught Error: Call to a member function attack() on null in /Applications/MAMP/htdocs/github/mygit/object/index.php:155
Stack trace:
#0 {main}
  thrown in /Applications/MAMP/htdocs/github/mygit/object/index.php on line 155
[07-Apr-2019 07:41:58 UTC] PHP Notice:  Undefined index: player in /Applications/MAMP/htdocs/github/mygit/object/index.php on line 155
[07-Apr-2019 07:41:58 UTC] PHP Fatal error:  Uncaught Error: Call to a member function attack() on null in /Applications/MAMP/htdocs/github/mygit/object/index.php:155
Stack trace:
#0 {main}
  thrown in /Applications/MAMP/htdocs/github/mygit/object/index.php on line 155
[07-Apr-2019 07:46:12 UTC] PHP Notice:  Undefined index: player in /Applications/MAMP/htdocs/github/mygit/object/index.php on line 155
[07-Apr-2019 07:46:12 UTC] PHP Fatal error:  Uncaught Error: Call to a member function attack() on null in /Applications/MAMP/htdocs/github/mygit/object/index.php:155
Stack trace:
#0 {main}
  thrown in /Applications/MAMP/htdocs/github/mygit/object/index.php on line 155
